Using pre-set license
Built from '2020.3/staging' branch; Version is '2020.3.9f1 (108be757e447) revision 1084391'; Using compiler version '192528614'; Build Type 'Release'
OS: 'Windows 10 Home Single Language; OS build 22000.856; Version 2009; 64bit' Language: 'en' Physical Memory: 8089 MB
BatchMode: 1, IsHumanControllingUs: 0, StartBugReporterOnCrash: 0, Is64bit: 1, IsPro: 0

 COMMAND LINE ARGUMENTS:
E:\unity\2020.3.9f1\Editor\Unity.exe
-adb2
-batchMode
-noUpm
-name
AssetImportWorker4
-projectPath
E:/Code
-logFile
Logs/AssetImportWorker4.log
-srvPort
64736
Successfully changed project path to: E:/Code
E:/Code
Using Asset Import Pipeline V2.
Refreshing native plugins compatible for Editor in 38.61 ms, found 1 plugins.
Preloading 0 native plugins for Editor in 0.00 ms.
Initialize engine version: 2020.3.9f1 (108be757e447)
[Subsystems] Discovering subsystems at path E:/unity/2020.3.9f1/Editor/Data/Resources/UnitySubsystems
[Subsystems] Discovering subsystems at path E:/Code/Assets
GfxDevice: creating device client; threaded=0
Direct3D:
    Version:  Direct3D 11.0 [level 11.1]
    Renderer: AMD Radeon R7 M460 (ID=0x6900)
    Vendor:   
    VRAM:     2038 MB
    Driver:   27.20.1034.6
Initialize mono
Mono path[0] = 'E:/unity/2020.3.9f1/Editor/Data/Managed'
Mono path[1] = 'E:/unity/2020.3.9f1/Editor/Data/MonoBleedingEdge/lib/mono/unityjit'
Mono config path = 'E:/unity/2020.3.9f1/Editor/Data/MonoBleedingEdge/etc'
Using monoOptions --debugger-agent=transport=dt_socket,embedding=1,server=y,suspend=n,address=127.0.0.1:56552
Begin MonoManager ReloadAssembly
Registering precompiled unity dll's ...
Register platform support module: E:/unity/2020.3.9f1/Editor/Data/PlaybackEngines/WebGLSupport/UnityEditor.WebGL.Extensions.dll
Register platform support module: E:/unity/2020.3.9f1/Editor/Data/PlaybackEngines/WindowsStandaloneSupport/UnityEditor.WindowsStandalone.Extensions.dll
Registered in 0.001414 seconds.
Native extension for WindowsStandalone target not found
Native extension for WebGL target not found
Refreshing native plugins compatible for Editor in 40.78 ms, found 1 plugins.
Preloading 0 native plugins for Editor in 0.00 ms.
Mono: successfully reloaded assembly
- Completed reload, in  2.604 seconds
Platform modules already initialized, skipping
Registering precompiled user dll's ...
Registered in 0.001108 seconds.
Begin MonoManager ReloadAssembly
Native extension for WindowsStandalone target not found
Native extension for WebGL target not found
Refreshing native plugins compatible for Editor in 38.72 ms, found 1 plugins.
Preloading 0 native plugins for Editor in 0.00 ms.
Mono: successfully reloaded assembly
- Completed reload, in  3.723 seconds
Platform modules already initialized, skipping
========================================================================
Worker process is ready to serve import requests
Launched and connected shader compiler UnityShaderCompiler.exe after 0.35 seconds
Refreshing native plugins compatible for Editor in 0.72 ms, found 1 plugins.
Preloading 0 native plugins for Editor in 0.00 ms.
Unloading 1808 Unused Serialized files (Serialized files now loaded: 0)
System memory in use before: 84.8 MB.
System memory in use after: 84.8 MB.

Unloading 24 unused Assets to reduce memory usage. Loaded Objects now: 2250.
Total: 3.594300 ms (FindLiveObjects: 0.265500 ms CreateObjectMapping: 0.090900 ms MarkObjects: 3.046000 ms  DeleteObjects: 0.190100 ms)

========================================================================
Received Import Request.
  path: Assets/sprites/bs-1.png
  artifactKey: Guid(974c518587edeae44a9ba97c509b836a) Importer(815301076,1909f56bfc062723c751e8b465ee728b)
Start importing Assets/sprites/bs-1.png using Guid(974c518587edeae44a9ba97c509b836a) Importer(815301076,1909f56bfc062723c751e8b465ee728b)  -> (artifact id: 'afdc95fd65f9b540712b228447f42ecb') in 0.438724 seconds
  Import took 0.462545 seconds .

========================================================================
Received Import Request.
  Time since last request: 0.000366 seconds.
  path: Assets/sprites/bs-3.png
  artifactKey: Guid(fd13d009037df9049a6f8b801a330fcc) Importer(815301076,1909f56bfc062723c751e8b465ee728b)
Start importing Assets/sprites/bs-3.png using Guid(fd13d009037df9049a6f8b801a330fcc) Importer(815301076,1909f56bfc062723c751e8b465ee728b)  -> (artifact id: '01052d284c0afea15ea9a3810012df7a') in 0.017001 seconds
  Import took 0.023759 seconds .

========================================================================
Received Import Request.
  Time since last request: 0.000337 seconds.
  path: Assets/sprites/bs-6.png
  artifactKey: Guid(8af9e4cae6b9bbe43b3ac8c31e53707a) Importer(815301076,1909f56bfc062723c751e8b465ee728b)
Start importing Assets/sprites/bs-6.png using Guid(8af9e4cae6b9bbe43b3ac8c31e53707a) Importer(815301076,1909f56bfc062723c751e8b465ee728b)  -> (artifact id: 'a482a0a541f0f6669d6ada82f9a118db') in 0.013844 seconds
  Import took 0.017693 seconds .

========================================================================
Received Import Request.
  Time since last request: 0.000317 seconds.
  path: Assets/sprites/dice-2.png
  artifactKey: Guid(437b14428c6e0914da30caf582fde459) Importer(815301076,1909f56bfc062723c751e8b465ee728b)
Start importing Assets/sprites/dice-2.png using Guid(437b14428c6e0914da30caf582fde459) Importer(815301076,1909f56bfc062723c751e8b465ee728b)  -> (artifact id: '5eba555c820ac70f55be3c21dfaba202') in 0.092634 seconds
  Import took 0.110322 seconds .

========================================================================
Received Import Request.
  Time since last request: 0.000242 seconds.
  path: Assets/sprites
  artifactKey: Guid(3642a15e570a272448bcb47cd6a25cff) Importer(815301076,1909f56bfc062723c751e8b465ee728b)
Start importing Assets/sprites using Guid(3642a15e570a272448bcb47cd6a25cff) Importer(815301076,1909f56bfc062723c751e8b465ee728b)  -> (artifact id: '77f4fc4f1f678b57029f721dd533b4f9') in 0.007397 seconds
  Import took 0.029523 seconds .

========================================================================
Received Import Request.
  Time since last request: 0.000338 seconds.
  path: Assets/sprites/bs-2.png
  artifactKey: Guid(dbad14c8df094234dbf2004440c77a65) Importer(815301076,1909f56bfc062723c751e8b465ee728b)
Start importing Assets/sprites/bs-2.png using Guid(dbad14c8df094234dbf2004440c77a65) Importer(815301076,1909f56bfc062723c751e8b465ee728b)  -> (artifact id: '3f60703e66066a19645875bcb47294a9') in 0.022608 seconds
  Import took 0.039329 seconds .

========================================================================
Received Import Request.
  Time since last request: 0.000309 seconds.
  path: Assets/sprites/dice-6.png
  artifactKey: Guid(5b8e08560ec579447928287acb69a69e) Importer(815301076,1909f56bfc062723c751e8b465ee728b)
Start importing Assets/sprites/dice-6.png using Guid(5b8e08560ec579447928287acb69a69e) Importer(815301076,1909f56bfc062723c751e8b465ee728b)  -> (artifact id: 'b3c5318febb2a211d81c160d937e4b45') in 0.013389 seconds
  Import took 0.016345 seconds .

========================================================================
Received Import Request.
  Time since last request: 0.000287 seconds.
  path: Assets/sprites/bs-5.png
  artifactKey: Guid(c9eb08c662aada74ea5d4160c9be3282) Importer(815301076,1909f56bfc062723c751e8b465ee728b)
Start importing Assets/sprites/bs-5.png using Guid(c9eb08c662aada74ea5d4160c9be3282) Importer(815301076,1909f56bfc062723c751e8b465ee728b)  -> (artifact id: 'b654fed5d0a65d692f84d9dd31018874') in 0.013005 seconds
  Import took 0.018248 seconds .

========================================================================
Received Import Request.
  Time since last request: 0.000302 seconds.
  path: Assets/sprites/dice-5.png
  artifactKey: Guid(100fb160485378e438feda4c06310298) Importer(815301076,1909f56bfc062723c751e8b465ee728b)
Start importing Assets/sprites/dice-5.png using Guid(100fb160485378e438feda4c06310298) Importer(815301076,1909f56bfc062723c751e8b465ee728b)  -> (artifact id: '51a9876503f6f50236a39c2020b859c8') in 0.011905 seconds
  Import took 0.015542 seconds .

========================================================================
Received Import Request.
  Time since last request: 0.000308 seconds.
  path: Assets/sprites/bs-4.png
  artifactKey: Guid(d9a9e9e73eefefb45866bbe94d0d8d53) Importer(815301076,1909f56bfc062723c751e8b465ee728b)
Start importing Assets/sprites/bs-4.png using Guid(d9a9e9e73eefefb45866bbe94d0d8d53) Importer(815301076,1909f56bfc062723c751e8b465ee728b)  -> (artifact id: '300845b7ffcaf17843591ca1cf2be0a3') in 0.052588 seconds
  Import took 0.056807 seconds .

========================================================================
Received Import Request.
  Time since last request: 0.000316 seconds.
  path: Assets/sprites/dice-4.png
  artifactKey: Guid(01a81fb6eb28a5f448694ee9d762f65d) Importer(815301076,1909f56bfc062723c751e8b465ee728b)
Start importing Assets/sprites/dice-4.png using Guid(01a81fb6eb28a5f448694ee9d762f65d) Importer(815301076,1909f56bfc062723c751e8b465ee728b)  -> (artifact id: 'b9ca4ae87c85cbd9bc819016e18d7db6') in 0.014321 seconds
  Import took 0.018703 seconds .

========================================================================
Received Import Request.
  Time since last request: 0.000351 seconds.
  path: Assets/sprites/dice-1.png
  artifactKey: Guid(290ba304ca0d1954da6a79f06a2debb4) Importer(815301076,1909f56bfc062723c751e8b465ee728b)
Start importing Assets/sprites/dice-1.png using Guid(290ba304ca0d1954da6a79f06a2debb4) Importer(815301076,1909f56bfc062723c751e8b465ee728b)  -> (artifact id: 'bf972c0edbfa9a2d1df1da05e63f589b') in 0.013333 seconds
  Import took 0.017353 seconds .

========================================================================
Received Import Request.
  Time since last request: 0.000270 seconds.
  path: Assets/sprites/dice-3.png
  artifactKey: Guid(5ed6f306e9226864c8d3ea2d879c26a8) Importer(815301076,1909f56bfc062723c751e8b465ee728b)
Start importing Assets/sprites/dice-3.png using Guid(5ed6f306e9226864c8d3ea2d879c26a8) Importer(815301076,1909f56bfc062723c751e8b465ee728b)  -> (artifact id: '22246b702d877942eb803b55cfeb8cf0') in 0.015061 seconds
  Import took 0.018277 seconds .

========================================================================
Received Import Request.
  Time since last request: 10531.350741 seconds.
  path: Assets/Scenes/SampleScene.unity
  artifactKey: Guid(2cda990e2423bbf4892e6590ba056729) Importer(815301076,1909f56bfc062723c751e8b465ee728b)
Start importing Assets/Scenes/SampleScene.unity using Guid(2cda990e2423bbf4892e6590ba056729) Importer(815301076,1909f56bfc062723c751e8b465ee728b)  -> (artifact id: 'aa27944bdea339c97c39027c7eea529c') in 0.909230 seconds
  Import took 1.834044 seconds .

========================================================================
Received Import Request.
  Time since last request: 1.827815 seconds.
  path: Assets/Scenes/SampleScene.unity
  artifactKey: Guid(2cda990e2423bbf4892e6590ba056729) Importer(815301076,1909f56bfc062723c751e8b465ee728b)
Start importing Assets/Scenes/SampleScene.unity using Guid(2cda990e2423bbf4892e6590ba056729) Importer(815301076,1909f56bfc062723c751e8b465ee728b)  -> (artifact id: 'aa27944bdea339c97c39027c7eea529c') in 0.021454 seconds
  Import took 0.051441 seconds .

========================================================================
Received Import Request.
  Time since last request: 7.354457 seconds.
  path: Assets/Scenes/Home.unity
  artifactKey: Guid(2cda990e2423bbf4892e6590ba056729) Importer(815301076,1909f56bfc062723c751e8b465ee728b)
Start importing Assets/Scenes/Home.unity using Guid(2cda990e2423bbf4892e6590ba056729) Importer(815301076,1909f56bfc062723c751e8b465ee728b)  -> (artifact id: '80fd8bfe1970e99bd547b92034b34145') in 0.047873 seconds
  Import took 0.052400 seconds .

========================================================================
Received Prepare
Registering precompiled user dll's ...
Registered in 0.011327 seconds.
Begin MonoManager ReloadAssembly
Native extension for WindowsStandalone target not found
Native extension for WebGL target not found
Refreshing native plugins compatible for Editor in 0.43 ms, found 1 plugins.
Preloading 0 native plugins for Editor in 0.00 ms.
Mono: successfully reloaded assembly
- Completed reload, in  2.280 seconds
Platform modules already initialized, skipping
Refreshing native plugins compatible for Editor in 0.47 ms, found 1 plugins.
Preloading 0 native plugins for Editor in 0.00 ms.
Unloading 1803 Unused Serialized files (Serialized files now loaded: 0)
System memory in use before: 87.9 MB.
System memory in use after: 87.9 MB.

Unloading 12 unused Assets to reduce memory usage. Loaded Objects now: 2272.
Total: 2.702000 ms (FindLiveObjects: 0.212900 ms CreateObjectMapping: 0.112700 ms MarkObjects: 2.228400 ms  DeleteObjects: 0.146700 ms)

AssetImportWorkerClient::OnTransportError - code=2 error=End of file
